2022-01-06 19:24:29.842                 [main] INFO  ChristmasTree - Trying to read lines from file "input/wishlist.txt".
2022-01-06 19:24:29.853                 [main] DEBUG ChristmasTree - 18 lines found. Skipping first 3.
2022-01-06 19:24:29.854                 [main] DEBUG ChristmasTree - Processing line 3.
2022-01-06 19:24:29.857                 [main] DEBUG SantasWorkshop - Trying to create present from raw string "[===]* Catan Junior (6-10)".
2022-01-06 19:24:29.857                 [main] TRACE SantasWorkshop - Trying to determine size.
2022-01-06 19:24:29.858                 [main] TRACE SantasWorkshop - Size 3 determined.
2022-01-06 19:24:29.858                 [main] TRACE SantasWorkshop - Trying to determine content.
2022-01-06 19:24:29.859                 [main] TRACE SantasWorkshop - Content "Catan Junior" determined.
2022-01-06 19:24:29.860                 [main] TRACE SantasWorkshop - Trying to determine age range.
2022-01-06 19:24:29.861                 [main] TRACE SantasWorkshop - Age range "6-10" determined.
2022-01-06 19:24:29.862                 [main] TRACE SantasWorkshop - Age range does not contain '+', determining min and max age.
2022-01-06 19:24:29.863                 [main] TRACE SantasWorkshop - Min age 6 determined.
2022-01-06 19:24:29.864                 [main] TRACE SantasWorkshop - Max age 10 determined.
2022-01-06 19:24:29.865                 [main] TRACE SantasWorkshop - Raw string does not contains "for", not setting a recipient.
2022-01-06 19:24:29.866                 [main] TRACE Present - Valid min age specified. Changing from 1 to 6.
2022-01-06 19:24:29.867                 [main] TRACE Present - Valid max age specified. Changing from 99 to 10.
2022-01-06 19:24:29.868                 [main] DEBUG SantasWorkshop - Returning created product "[===]* Catan Junior (6-10)".
2022-01-06 19:24:29.869                 [main] DEBUG ChristmasTree - Trying to hide present [===]* Catan Junior (6-10) under the tree.
2022-01-06 19:24:29.870                 [main] DEBUG ChristmasTree - Present fits under the tree, hiding it and returning true.
2022-01-06 19:24:29.870                 [main] DEBUG ChristmasTree - Processed line 3.
2022-01-06 19:24:29.871                 [main] DEBUG ChristmasTree - Processing line 4.
2022-01-06 19:24:29.872                 [main] DEBUG SantasWorkshop - Trying to create present from raw string "[====]* Skateboard (8-30) for Bart".
2022-01-06 19:24:29.872                 [main] TRACE SantasWorkshop - Trying to determine size.
2022-01-06 19:24:29.873                 [main] TRACE SantasWorkshop - Size 4 determined.
2022-01-06 19:24:29.873                 [main] TRACE SantasWorkshop - Trying to determine content.
2022-01-06 19:24:29.873                 [main] TRACE SantasWorkshop - Content "Skateboard" determined.
2022-01-06 19:24:29.874                 [main] TRACE SantasWorkshop - Trying to determine age range.
2022-01-06 19:24:29.874                 [main] TRACE SantasWorkshop - Age range "8-30" determined.
2022-01-06 19:24:29.875                 [main] TRACE SantasWorkshop - Age range does not contain '+', determining min and max age.
2022-01-06 19:24:29.876                 [main] TRACE SantasWorkshop - Min age 8 determined.
2022-01-06 19:24:29.877                 [main] TRACE SantasWorkshop - Max age 30 determined.
2022-01-06 19:24:29.878                 [main] TRACE SantasWorkshop - Raw string contains "for", trying to determine recipient.
2022-01-06 19:24:29.879                 [main] TRACE SantasWorkshop - Recipient "Bart" determined.
2022-01-06 19:24:29.880                 [main] TRACE Present - Valid min age specified. Changing from 1 to 8.
2022-01-06 19:24:29.881                 [main] TRACE Present - Valid max age specified. Changing from 99 to 30.
2022-01-06 19:24:29.882                 [main] DEBUG SantasWorkshop - Returning created product "[====]* Skateboard (8-30) for Bart".
2022-01-06 19:24:29.883                 [main] DEBUG ChristmasTree - Trying to hide present [====]* Skateboard (8-30) for Bart under the tree.
2022-01-06 19:24:29.884                 [main] DEBUG ChristmasTree - Present fits under the tree, hiding it and returning true.
2022-01-06 19:24:29.884                 [main] DEBUG ChristmasTree - Processed line 4.
2022-01-06 19:24:29.885                 [main] DEBUG ChristmasTree - Processing line 5.
2022-01-06 19:24:29.886                 [main] DEBUG SantasWorkshop - Trying to create present from raw string "[====]* Saxophone (6+) for Lisa".
2022-01-06 19:24:29.887                 [main] TRACE SantasWorkshop - Trying to determine size.
2022-01-06 19:24:29.887                 [main] TRACE SantasWorkshop - Size 4 determined.
2022-01-06 19:24:29.887                 [main] TRACE SantasWorkshop - Trying to determine content.
2022-01-06 19:24:29.888                 [main] TRACE SantasWorkshop - Content "Saxophone" determined.
2022-01-06 19:24:29.888                 [main] TRACE SantasWorkshop - Trying to determine age range.
2022-01-06 19:24:29.889                 [main] TRACE SantasWorkshop - Age range "6+" determined.
2022-01-06 19:24:29.889                 [main] TRACE SantasWorkshop - Age range contains '+', determining min age.
2022-01-06 19:24:29.890                 [main] TRACE SantasWorkshop - Min age 6 determined.
2022-01-06 19:24:29.890                 [main] TRACE SantasWorkshop - Raw string contains "for", trying to determine recipient.
2022-01-06 19:24:29.891                 [main] TRACE SantasWorkshop - Recipient "Lisa" determined.
2022-01-06 19:24:29.891                 [main] TRACE Present - Valid min age specified. Changing from 1 to 6.
2022-01-06 19:24:29.892                 [main] TRACE Present - Valid max age specified. Changing from 99 to 99.
2022-01-06 19:24:29.892                 [main] DEBUG SantasWorkshop - Returning created product "[====]* Saxophone (6+) for Lisa".
2022-01-06 19:24:29.893                 [main] DEBUG ChristmasTree - Trying to hide present [====]* Saxophone (6+) for Lisa under the tree.
2022-01-06 19:24:29.893                 [main] DEBUG ChristmasTree - Present fits under the tree, hiding it and returning true.
2022-01-06 19:24:29.894                 [main] DEBUG ChristmasTree - Processed line 5.
2022-01-06 19:24:29.895                 [main] DEBUG ChristmasTree - Processing line 6.
2022-01-06 19:24:29.895                 [main] DEBUG SantasWorkshop - Trying to create present from raw string "[==]* Bonestorm (18+) for Bart".
2022-01-06 19:24:29.896                 [main] TRACE SantasWorkshop - Trying to determine size.
2022-01-06 19:24:29.896                 [main] TRACE SantasWorkshop - Size 2 determined.
2022-01-06 19:24:29.896                 [main] TRACE SantasWorkshop - Trying to determine content.
2022-01-06 19:24:29.897                 [main] TRACE SantasWorkshop - Content "Bonestorm" determined.
2022-01-06 19:24:29.897                 [main] TRACE SantasWorkshop - Trying to determine age range.
2022-01-06 19:24:29.898                 [main] TRACE SantasWorkshop - Age range "18+" determined.
2022-01-06 19:24:29.898                 [main] TRACE SantasWorkshop - Age range contains '+', determining min age.
2022-01-06 19:24:29.899                 [main] TRACE SantasWorkshop - Min age 18 determined.
2022-01-06 19:24:29.899                 [main] TRACE SantasWorkshop - Raw string contains "for", trying to determine recipient.
2022-01-06 19:24:29.899                 [main] TRACE SantasWorkshop - Recipient "Bart" determined.
2022-01-06 19:24:29.900                 [main] TRACE Present - Valid min age specified. Changing from 1 to 18.
2022-01-06 19:24:29.900                 [main] TRACE Present - Valid max age specified. Changing from 99 to 99.
2022-01-06 19:24:29.901                 [main] DEBUG SantasWorkshop - Returning created product "[==]* Bonestorm (18+) for Bart".
2022-01-06 19:24:29.902                 [main] DEBUG ChristmasTree - Trying to hide present [==]* Bonestorm (18+) for Bart under the tree.
2022-01-06 19:24:29.902                 [main] DEBUG ChristmasTree - Present fits under the tree, hiding it and returning true.
2022-01-06 19:24:29.903                 [main] DEBUG ChristmasTree - Processed line 6.
2022-01-06 19:24:29.904                 [main] DEBUG ChristmasTree - Processing line 7.
2022-01-06 19:24:29.904                 [main] DEBUG SantasWorkshop - Trying to create present from raw string "[=]* Pacifier (1-3)".
2022-01-06 19:24:29.905                 [main] TRACE SantasWorkshop - Trying to determine size.
2022-01-06 19:24:29.905                 [main] TRACE SantasWorkshop - Size 1 determined.
2022-01-06 19:24:29.905                 [main] TRACE SantasWorkshop - Trying to determine content.
2022-01-06 19:24:29.906                 [main] TRACE SantasWorkshop - Content "Pacifier" determined.
2022-01-06 19:24:29.906                 [main] TRACE SantasWorkshop - Trying to determine age range.
2022-01-06 19:24:29.907                 [main] TRACE SantasWorkshop - Age range "1-3" determined.
2022-01-06 19:24:29.907                 [main] TRACE SantasWorkshop - Age range does not contain '+', determining min and max age.
2022-01-06 19:24:29.907                 [main] TRACE SantasWorkshop - Min age 1 determined.
2022-01-06 19:24:29.908                 [main] TRACE SantasWorkshop - Max age 3 determined.
2022-01-06 19:24:29.908                 [main] TRACE SantasWorkshop - Raw string does not contains "for", not setting a recipient.
2022-01-06 19:24:29.909                 [main] TRACE Present - Valid min age specified. Changing from 1 to 1.
2022-01-06 19:24:29.910                 [main] TRACE Present - Valid max age specified. Changing from 99 to 3.
2022-01-06 19:24:29.911                 [main] DEBUG SantasWorkshop - Returning created product "[=]* Pacifier (1-3)".
2022-01-06 19:24:29.913                 [main] DEBUG ChristmasTree - Trying to hide present [=]* Pacifier (1-3) under the tree.
2022-01-06 19:24:29.913                 [main] DEBUG ChristmasTree - Present fits under the tree, hiding it and returning true.
2022-01-06 19:24:29.914                 [main] DEBUG ChristmasTree - Processed line 7.
2022-01-06 19:24:29.915                 [main] DEBUG ChristmasTree - Processing line 8.
2022-01-06 19:24:29.915                 [main] DEBUG SantasWorkshop - Trying to create present from raw string "[===]* Bowling Ball (12-123)".
2022-01-06 19:24:29.916                 [main] TRACE SantasWorkshop - Trying to determine size.
2022-01-06 19:24:29.917                 [main] TRACE SantasWorkshop - Size 3 determined.
2022-01-06 19:24:29.917                 [main] TRACE SantasWorkshop - Trying to determine content.
2022-01-06 19:24:29.918                 [main] TRACE SantasWorkshop - Content "Bowling Ball" determined.
2022-01-06 19:24:29.918                 [main] TRACE SantasWorkshop - Trying to determine age range.
2022-01-06 19:24:29.918                 [main] TRACE SantasWorkshop - Age range "12-123" determined.
2022-01-06 19:24:29.919                 [main] TRACE SantasWorkshop - Age range does not contain '+', determining min and max age.
2022-01-06 19:24:29.920                 [main] TRACE SantasWorkshop - Min age 12 determined.
2022-01-06 19:24:29.921                 [main] TRACE SantasWorkshop - Max age 123 determined.
2022-01-06 19:24:29.921                 [main] TRACE SantasWorkshop - Raw string does not contains "for", not setting a recipient.
2022-01-06 19:24:29.922                 [main] TRACE Present - Valid min age specified. Changing from 1 to 12.
2022-01-06 19:24:29.923                 [main] WARN  Present - New max age 123 invalid. Max age remains 99.
2022-01-06 19:24:29.924                 [main] DEBUG SantasWorkshop - Returning created product "[===]* Bowling Ball (12+)".
2022-01-06 19:24:29.925                 [main] DEBUG ChristmasTree - Trying to hide present [===]* Bowling Ball (12+) under the tree.
2022-01-06 19:24:29.925                 [main] DEBUG ChristmasTree - Present fits under the tree, hiding it and returning true.
2022-01-06 19:24:29.926                 [main] DEBUG ChristmasTree - Processed line 8.
2022-01-06 19:24:29.927                 [main] DEBUG ChristmasTree - Processing line 9.
2022-01-06 19:24:29.928                 [main] DEBUG SantasWorkshop - Trying to create present from raw string "".
2022-01-06 19:24:29.928                 [main] TRACE SantasWorkshop - Trying to determine size.
2022-01-06 19:24:29.929                 [main] ERROR SantasWorkshop - Exception occured while processing raw string. Message: begin 0, end -1, length 0.
2022-01-06 19:24:29.931                 [main] DEBUG SantasWorkshop - Returning null.
2022-01-06 19:24:29.931                 [main] DEBUG ChristmasTree - Trying to hide present null under the tree.
2022-01-06 19:24:29.931                 [main] WARN  ChristmasTree - Present was null, too big or already under the tree. Ignoring it and returning false.
2022-01-06 19:24:29.932                 [main] DEBUG ChristmasTree - Processed line 9.
2022-01-06 19:24:29.933                 [main] DEBUG ChristmasTree - Processing line 10.
2022-01-06 19:24:29.933                 [main] DEBUG SantasWorkshop - Trying to create present from raw string "[=====]* Santas Little Helper (-3+)".
2022-01-06 19:24:29.934                 [main] TRACE SantasWorkshop - Trying to determine size.
2022-01-06 19:24:29.934                 [main] TRACE SantasWorkshop - Size 5 determined.
2022-01-06 19:24:29.935                 [main] TRACE SantasWorkshop - Trying to determine content.
2022-01-06 19:24:29.935                 [main] TRACE SantasWorkshop - Content "Santas Little Helper" determined.
2022-01-06 19:24:29.935                 [main] TRACE SantasWorkshop - Trying to determine age range.
2022-01-06 19:24:29.936                 [main] TRACE SantasWorkshop - Age range "-3+" determined.
2022-01-06 19:24:29.936                 [main] TRACE SantasWorkshop - Age range contains '+', determining min age.
2022-01-06 19:24:29.937                 [main] TRACE SantasWorkshop - Min age -3 determined.
2022-01-06 19:24:29.937                 [main] TRACE SantasWorkshop - Raw string does not contains "for", not setting a recipient.
2022-01-06 19:24:29.938                 [main] WARN  Present - New min age -3 invalid. Min age remains 1.
2022-01-06 19:24:29.938                 [main] TRACE Present - Valid max age specified. Changing from 99 to 99.
2022-01-06 19:24:29.939                 [main] DEBUG SantasWorkshop - Returning created product "[=====]* Santas Little Helper (1+)".
2022-01-06 19:24:29.939                 [main] DEBUG ChristmasTree - Trying to hide present [=====]* Santas Little Helper (1+) under the tree.
2022-01-06 19:24:29.939                 [main] DEBUG ChristmasTree - Present fits under the tree, hiding it and returning true.
2022-01-06 19:24:29.940                 [main] DEBUG ChristmasTree - Processed line 10.
2022-01-06 19:24:29.940                 [main] DEBUG ChristmasTree - Processing line 11.
2022-01-06 19:24:29.941                 [main] DEBUG SantasWorkshop - Trying to create present from raw string "Nothing (21+)".
2022-01-06 19:24:29.941                 [main] TRACE SantasWorkshop - Trying to determine size.
2022-01-06 19:24:29.942                 [main] ERROR SantasWorkshop - Exception occured while processing raw string. Message: begin 0, end -1, length 13.
2022-01-06 19:24:29.943                 [main] DEBUG SantasWorkshop - Returning null.
2022-01-06 19:24:29.944                 [main] DEBUG ChristmasTree - Trying to hide present null under the tree.
2022-01-06 19:24:29.945                 [main] WARN  ChristmasTree - Present was null, too big or already under the tree. Ignoring it and returning false.
2022-01-06 19:24:29.946                 [main] DEBUG ChristmasTree - Processed line 11.
2022-01-06 19:24:29.946                 [main] DEBUG ChristmasTree - Processing line 12.
2022-01-06 19:24:29.946                 [main] DEBUG SantasWorkshop - Trying to create present from raw string "[==]* Teddy Bear (1+) for Maggie".
2022-01-06 19:24:29.947                 [main] TRACE SantasWorkshop - Trying to determine size.
2022-01-06 19:24:29.947                 [main] TRACE SantasWorkshop - Size 2 determined.
2022-01-06 19:24:29.948                 [main] TRACE SantasWorkshop - Trying to determine content.
2022-01-06 19:24:29.948                 [main] TRACE SantasWorkshop - Content "Teddy Bear" determined.
2022-01-06 19:24:29.949                 [main] TRACE SantasWorkshop - Trying to determine age range.
2022-01-06 19:24:29.949                 [main] TRACE SantasWorkshop - Age range "1+" determined.
2022-01-06 19:24:29.950                 [main] TRACE SantasWorkshop - Age range contains '+', determining min age.
2022-01-06 19:24:29.950                 [main] TRACE SantasWorkshop - Min age 1 determined.
2022-01-06 19:24:29.950                 [main] TRACE SantasWorkshop - Raw string contains "for", trying to determine recipient.
2022-01-06 19:24:29.951                 [main] TRACE SantasWorkshop - Recipient "Maggie" determined.
2022-01-06 19:24:29.951                 [main] TRACE Present - Valid min age specified. Changing from 1 to 1.
2022-01-06 19:24:29.952                 [main] TRACE Present - Valid max age specified. Changing from 99 to 99.
2022-01-06 19:24:29.952                 [main] DEBUG SantasWorkshop - Returning created product "[==]* Teddy Bear (1+) for Maggie".
2022-01-06 19:24:29.953                 [main] DEBUG ChristmasTree - Trying to hide present [==]* Teddy Bear (1+) for Maggie under the tree.
2022-01-06 19:24:29.954                 [main] DEBUG ChristmasTree - Present fits under the tree, hiding it and returning true.
2022-01-06 19:24:29.954                 [main] DEBUG ChristmasTree - Processed line 12.
2022-01-06 19:24:29.954                 [main] DEBUG ChristmasTree - Processing line 13.
2022-01-06 19:24:29.955                 [main] DEBUG SantasWorkshop - Trying to create present from raw string "[=]* False Teeth (60+)".
2022-01-06 19:24:29.955                 [main] TRACE SantasWorkshop - Trying to determine size.
2022-01-06 19:24:29.955                 [main] TRACE SantasWorkshop - Size 1 determined.
2022-01-06 19:24:29.955                 [main] TRACE SantasWorkshop - Trying to determine content.
2022-01-06 19:24:29.956                 [main] TRACE SantasWorkshop - Content "False Teeth" determined.
2022-01-06 19:24:29.956                 [main] TRACE SantasWorkshop - Trying to determine age range.
2022-01-06 19:24:29.956                 [main] TRACE SantasWorkshop - Age range "60+" determined.
2022-01-06 19:24:29.956                 [main] TRACE SantasWorkshop - Age range contains '+', determining min age.
2022-01-06 19:24:29.957                 [main] TRACE SantasWorkshop - Min age 60 determined.
2022-01-06 19:24:29.957                 [main] TRACE SantasWorkshop - Raw string does not contains "for", not setting a recipient.
2022-01-06 19:24:29.958                 [main] TRACE Present - Valid min age specified. Changing from 1 to 60.
2022-01-06 19:24:29.958                 [main] TRACE Present - Valid max age specified. Changing from 99 to 99.
2022-01-06 19:24:29.958                 [main] DEBUG SantasWorkshop - Returning created product "[=]* False Teeth (60+)".
2022-01-06 19:24:29.959                 [main] DEBUG ChristmasTree - Trying to hide present [=]* False Teeth (60+) under the tree.
2022-01-06 19:24:29.960                 [main] DEBUG ChristmasTree - Present fits under the tree, hiding it and returning true.
2022-01-06 19:24:29.961                 [main] DEBUG ChristmasTree - Processed line 13.
2022-01-06 19:24:29.961                 [main] DEBUG ChristmasTree - Processing line 14.
2022-01-06 19:24:29.962                 [main] DEBUG SantasWorkshop - Trying to create present from raw string "[======]* Duff (21+) for Homer".
2022-01-06 19:24:29.962                 [main] TRACE SantasWorkshop - Trying to determine size.
2022-01-06 19:24:29.963                 [main] TRACE SantasWorkshop - Size 6 determined.
2022-01-06 19:24:29.964                 [main] TRACE SantasWorkshop - Trying to determine content.
2022-01-06 19:24:29.964                 [main] TRACE SantasWorkshop - Content "Duff" determined.
2022-01-06 19:24:29.965                 [main] TRACE SantasWorkshop - Trying to determine age range.
2022-01-06 19:24:29.965                 [main] TRACE SantasWorkshop - Age range "21+" determined.
2022-01-06 19:24:29.966                 [main] TRACE SantasWorkshop - Age range contains '+', determining min age.
2022-01-06 19:24:29.967                 [main] TRACE SantasWorkshop - Min age 21 determined.
2022-01-06 19:24:29.967                 [main] TRACE SantasWorkshop - Raw string contains "for", trying to determine recipient.
2022-01-06 19:24:29.968                 [main] TRACE SantasWorkshop - Recipient "Homer" determined.
2022-01-06 19:24:29.969                 [main] TRACE Present - Valid min age specified. Changing from 1 to 21.
2022-01-06 19:24:29.969                 [main] TRACE Present - Valid max age specified. Changing from 99 to 99.
2022-01-06 19:24:29.970                 [main] DEBUG SantasWorkshop - Returning created product "[======]* Duff (21+) for Homer".
2022-01-06 19:24:29.971                 [main] DEBUG ChristmasTree - Trying to hide present [======]* Duff (21+) for Homer under the tree.
2022-01-06 19:24:29.971                 [main] DEBUG ChristmasTree - Present fits under the tree, hiding it and returning true.
2022-01-06 19:24:29.972                 [main] DEBUG ChristmasTree - Processed line 14.
2022-01-06 19:24:29.972                 [main] DEBUG ChristmasTree - Processing line 15.
2022-01-06 19:24:29.972                 [main] DEBUG SantasWorkshop - Trying to create present from raw string "[==========]* Stampy (1+) for Bart".
2022-01-06 19:24:29.973                 [main] TRACE SantasWorkshop - Trying to determine size.
2022-01-06 19:24:29.973                 [main] TRACE SantasWorkshop - Size 10 determined.
2022-01-06 19:24:29.973                 [main] TRACE SantasWorkshop - Trying to determine content.
2022-01-06 19:24:29.973                 [main] TRACE SantasWorkshop - Content "Stampy" determined.
2022-01-06 19:24:29.973                 [main] TRACE SantasWorkshop - Trying to determine age range.
2022-01-06 19:24:29.974                 [main] TRACE SantasWorkshop - Age range "1+" determined.
2022-01-06 19:24:29.974                 [main] TRACE SantasWorkshop - Age range contains '+', determining min age.
2022-01-06 19:24:29.975                 [main] TRACE SantasWorkshop - Min age 1 determined.
2022-01-06 19:24:29.975                 [main] TRACE SantasWorkshop - Raw string contains "for", trying to determine recipient.
2022-01-06 19:24:29.976                 [main] TRACE SantasWorkshop - Recipient "Bart" determined.
2022-01-06 19:24:29.977                 [main] TRACE Present - Valid min age specified. Changing from 1 to 1.
2022-01-06 19:24:29.977                 [main] TRACE Present - Valid max age specified. Changing from 99 to 99.
2022-01-06 19:24:29.978                 [main] DEBUG SantasWorkshop - Returning created product "[==========]* Stampy (1+) for Bart".
2022-01-06 19:24:29.978                 [main] DEBUG ChristmasTree - Trying to hide present [==========]* Stampy (1+) for Bart under the tree.
2022-01-06 19:24:29.979                 [main] WARN  ChristmasTree - Present was null, too big or already under the tree. Ignoring it and returning false.
2022-01-06 19:24:29.979                 [main] DEBUG ChristmasTree - Processed line 15.
2022-01-06 19:24:29.980                 [main] DEBUG ChristmasTree - Processing line 16.
2022-01-06 19:24:29.980                 [main] DEBUG SantasWorkshop - Trying to create present from raw string "[==]* Left-Handed Pinking Shears for Ned".
2022-01-06 19:24:29.981                 [main] TRACE SantasWorkshop - Trying to determine size.
2022-01-06 19:24:29.981                 [main] TRACE SantasWorkshop - Size 2 determined.
2022-01-06 19:24:29.981                 [main] TRACE SantasWorkshop - Trying to determine content.
2022-01-06 19:24:29.982                 [main] ERROR SantasWorkshop - Exception occured while processing raw string. Message: begin 5, end -1, length 40.
2022-01-06 19:24:29.983                 [main] DEBUG SantasWorkshop - Returning null.
2022-01-06 19:24:29.984                 [main] DEBUG ChristmasTree - Trying to hide present null under the tree.
2022-01-06 19:24:29.984                 [main] WARN  ChristmasTree - Present was null, too big or already under the tree. Ignoring it and returning false.
2022-01-06 19:24:29.985                 [main] DEBUG ChristmasTree - Processed line 16.
2022-01-06 19:24:29.986                 [main] DEBUG ChristmasTree - Processing line 17.
2022-01-06 19:24:29.986                 [main] DEBUG SantasWorkshop - Trying to create present from raw string "[===]* Laramie Cigarettes (18+) for Patty".
2022-01-06 19:24:29.987                 [main] TRACE SantasWorkshop - Trying to determine size.
2022-01-06 19:24:29.987                 [main] TRACE SantasWorkshop - Size 3 determined.
2022-01-06 19:24:29.988                 [main] TRACE SantasWorkshop - Trying to determine content.
2022-01-06 19:24:29.989                 [main] TRACE SantasWorkshop - Content "Laramie Cigarettes" determined.
2022-01-06 19:24:29.989                 [main] TRACE SantasWorkshop - Trying to determine age range.
2022-01-06 19:24:29.990                 [main] TRACE SantasWorkshop - Age range "18+" determined.
2022-01-06 19:24:29.990                 [main] TRACE SantasWorkshop - Age range contains '+', determining min age.
2022-01-06 19:24:29.991                 [main] TRACE SantasWorkshop - Min age 18 determined.
2022-01-06 19:24:29.992                 [main] TRACE SantasWorkshop - Raw string contains "for", trying to determine recipient.
2022-01-06 19:24:29.992                 [main] TRACE SantasWorkshop - Recipient "Patty" determined.
2022-01-06 19:24:29.993                 [main] TRACE Present - Valid min age specified. Changing from 1 to 18.
2022-01-06 19:24:29.994                 [main] TRACE Present - Valid max age specified. Changing from 99 to 99.
2022-01-06 19:24:29.994                 [main] DEBUG SantasWorkshop - Returning created product "[===]* Laramie Cigarettes (18+) for Patty".
2022-01-06 19:24:29.995                 [main] DEBUG ChristmasTree - Trying to hide present [===]* Laramie Cigarettes (18+) for Patty under the tree.
2022-01-06 19:24:29.995                 [main] DEBUG ChristmasTree - Present fits under the tree, hiding it and returning true.
2022-01-06 19:24:29.995                 [main] DEBUG ChristmasTree - Processed line 17.
